<?xml version="1.0" encoding="UTF-8"?>
<!-- Generated by org.testng.reporters.JUnitReportReporter -->
<testsuite hostname="US-FG87XM3" failures="0" tests="1" name="AtumationTestingPractice.SeleniumFrameworkDesign.RSALogin" time="12.528" errors="0" timestamp="2024-08-12T12:23:17 IST" skipped="0">
  <testcase classname="AtumationTestingPractice.SeleniumFrameworkDesign.RSALogin" name="loginToApp" time="12.528"/>
</testsuite> <!-- AtumationTestingPractice.SeleniumFrameworkDesign.RSALogin -->
