<?xml version="1.0" encoding="UTF-8"?>
<!-- Generated by org.testng.reporters.JUnitReportReporter -->
<testsuite hostname="US-FG87XM3" failures="0" tests="2" name="AtumationTestingPractice.SeleniumFrameworkDesign.FrameworkCodeTest" time="210.428" errors="0" timestamp="2024-08-13T13:44:50 IST" skipped="0">
  <testcase classname="AtumationTestingPractice.SeleniumFrameworkDesign.FrameworkCodeTest" name="addProductToCart" time="108.778"/>
  <testcase classname="AtumationTestingPractice.SeleniumFrameworkDesign.FrameworkCodeTest" name="addProductToCart" time="101.650"/>
</testsuite> <!-- AtumationTestingPractice.SeleniumFrameworkDesign.FrameworkCodeTest -->
