<?xml version="1.0" encoding="UTF-8"?>
<!-- Generated by org.testng.reporters.JUnitReportReporter -->
<testsuite hostname="US-FG87XM3" failures="0" tests="1" name="AtumationTestingPractice.SeleniumFrameworkDesign.ErrorCodeValidation" time="12.040" errors="0" timestamp="2024-08-12T12:23:17 IST" skipped="0">
  <testcase classname="AtumationTestingPractice.SeleniumFrameworkDesign.ErrorCodeValidation" name="errorCodeVerfication" time="12.040"/>
</testsuite> <!-- AtumationTestingPractice.SeleniumFrameworkDesign.ErrorCodeValidation -->
