<?xml version="1.0" encoding="UTF-8"?>
<!-- Generated by org.testng.reporters.JUnitReportReporter -->
<testsuite hostname="US-FG87XM3" failures="0" tests="2" name="AtumationTestingPractice.SeleniumFrameworkDesign.FrameworkCode" time="257.388" errors="0" timestamp="2024-08-12T12:23:17 IST" skipped="0">
  <testcase classname="AtumationTestingPractice.SeleniumFrameworkDesign.FrameworkCode" name="addProductToCart" time="124.149"/>
  <testcase classname="AtumationTestingPractice.SeleniumFrameworkDesign.FrameworkCode" name="addProductToCart" time="133.239"/>
</testsuite> <!-- AtumationTestingPractice.SeleniumFrameworkDesign.FrameworkCode -->
