<?xml version="1.0" encoding="UTF-8"?>
<!-- Generated by org.testng.reporters.JUnitReportReporter -->
<testsuite hostname="US-FG87XM3" failures="0" tests="1" name="AtumationTestingPractice.SeleniumFrameworkDesign.RSALoginTest" time="4.906" errors="0" timestamp="2024-08-13T16:11:59 IST" skipped="0">
  <testcase classname="AtumationTestingPractice.SeleniumFrameworkDesign.RSALoginTest" name="loginToApp" time="4.906"/>
</testsuite> <!-- AtumationTestingPractice.SeleniumFrameworkDesign.RSALoginTest -->
